2024-02-13 14:27:31,282 INFO     [auth_resource.py post:32] User trying to login with username : user@aayushi - [REQBALcH]
2024-02-13 14:27:31,282 INFO     [login_controller.py user_login:34] User credentials retrieved successfully : user@aayushi - [REQBALcH]
2024-02-13 14:27:31,290 INFO     [login_business.py authenticate_user:63] User logged in and token generated successfully : user@aayushi - [REQBALcH]
2024-02-13 14:27:31,290 INFO     [login_controller.py user_login:42] Successful user login : user@aayushi - [REQBALcH]
2024-02-16 07:22:18,768 INFO     [auth_resource.py post:32] User trying to login with username : user@aayushi - [REQ5BEd9]
2024-02-16 07:22:18,769 INFO     [login_controller.py user_login:34] User credentials retrieved successfully : user@aayushi - [REQ5BEd9]
2024-02-16 07:22:18,790 INFO     [login_business.py authenticate_user:63] User logged in and token generated successfully : user@aayushi - [REQ5BEd9]
2024-02-16 07:22:18,790 INFO     [login_controller.py user_login:42] Successful user login : user@aayushi - [REQ5BEd9]
2024-02-16 07:23:22,548 INFO     [auth_resource.py post:32] User trying to login with username : user@aayushi - [REQPxEKc]
2024-02-16 07:23:22,548 INFO     [login_controller.py user_login:34] User credentials retrieved successfully : user@aayushi - [REQPxEKc]
2024-02-16 07:23:22,563 INFO     [login_business.py authenticate_user:63] User logged in and token generated successfully : user@aayushi - [REQPxEKc]
2024-02-16 07:23:22,563 INFO     [login_controller.py user_login:42] Successful user login : user@aayushi - [REQPxEKc]
2024-02-16 07:24:43,012 INFO     [auth_resource.py post:32] User trying to login with username : user@aayushi - [REQ7MxMr]
2024-02-16 07:24:43,012 INFO     [login_controller.py user_login:34] User credentials retrieved successfully : user@aayushi - [REQ7MxMr]
2024-02-16 07:24:43,021 INFO     [login_business.py authenticate_user:63] User logged in and token generated successfully : user@aayushi - [REQ7MxMr]
2024-02-16 07:24:43,021 INFO     [login_controller.py user_login:42] Successful user login : user@aayushi - [REQ7MxMr]
2024-02-16 07:25:02,664 INFO     [auth_resource.py post:32] User trying to login with username : user@aayushi - [REQQZ5mo]
2024-02-16 07:25:02,664 INFO     [login_controller.py user_login:34] User credentials retrieved successfully : user@aayushi - [REQQZ5mo]
2024-02-16 07:25:02,677 INFO     [login_business.py authenticate_user:63] User logged in and token generated successfully : user@aayushi - [REQQZ5mo]
2024-02-16 07:25:02,677 INFO     [login_controller.py user_login:42] Successful user login : user@aayushi - [REQQZ5mo]
2024-02-16 07:41:22,017 INFO     [auth_resource.py post:32] User trying to login with username : user@aayushi - [REQVcVQb]
2024-02-16 07:41:22,017 INFO     [login_controller.py user_login:34] User credentials retrieved successfully : user@aayushi - [REQVcVQb]
2024-02-16 07:41:22,018 WARNING  [login_business.py authenticate_user:70] Invalid user login : user@aayushi - [REQVcVQb]
2024-02-16 07:41:32,239 INFO     [auth_resource.py post:32] User trying to login with username : user@aayushi - [REQT4ZbG]
2024-02-16 07:41:32,240 INFO     [login_controller.py user_login:34] User credentials retrieved successfully : user@aayushi - [REQT4ZbG]
2024-02-16 07:41:32,255 INFO     [login_business.py authenticate_user:63] User logged in and token generated successfully : user@aayushi - [REQT4ZbG]
2024-02-16 07:41:32,255 INFO     [login_controller.py user_login:42] Successful user login : user@aayushi - [REQT4ZbG]
2024-02-16 07:42:40,602 INFO     [auth_resource.py post:32] User trying to login with username : user@aayushi - [REQY8XNm]
2024-02-16 07:42:40,602 INFO     [login_controller.py user_login:34] User credentials retrieved successfully : user@aayushi - [REQY8XNm]
2024-02-16 07:42:40,616 INFO     [login_business.py authenticate_user:63] User logged in and token generated successfully : user@aayushi - [REQY8XNm]
2024-02-16 07:42:40,616 INFO     [login_controller.py user_login:42] Successful user login : user@aayushi - [REQY8XNm]
2024-02-16 07:43:41,414 INFO     [auth_resource.py post:32] User trying to login with username : user@aayushi - [REQZnsLg]
2024-02-16 07:43:41,414 INFO     [login_controller.py user_login:34] User credentials retrieved successfully : user@aayushi - [REQZnsLg]
2024-02-16 07:43:41,426 INFO     [login_business.py authenticate_user:63] User logged in and token generated successfully : user@aayushi - [REQZnsLg]
2024-02-16 07:43:41,426 INFO     [login_controller.py user_login:42] Successful user login : user@aayushi - [REQZnsLg]
2024-02-16 08:21:33,039 INFO     [auth_resource.py post:32] User trying to login with username : user@aayushi - [REQXatZ7]
2024-02-16 08:21:33,039 INFO     [login_controller.py user_login:34] User credentials retrieved successfully : user@aayushi - [REQXatZ7]
2024-02-16 08:21:33,048 INFO     [login_business.py authenticate_user:63] User logged in and token generated successfully : user@aayushi - [REQXatZ7]
2024-02-16 08:21:33,049 INFO     [login_controller.py user_login:42] Successful user login : user@aayushi - [REQXatZ7]
2024-02-16 09:37:09,874 INFO     [auth_resource.py post:32] User trying to login with username : user@aayushi - [REQLN77F]
2024-02-16 09:37:09,874 INFO     [login_controller.py user_login:34] User credentials retrieved successfully : user@aayushi - [REQLN77F]
2024-02-16 09:37:09,913 INFO     [login_business.py authenticate_user:63] User logged in and token generated successfully : user@aayushi - [REQLN77F]
2024-02-16 09:37:09,915 INFO     [login_controller.py user_login:42] Successful user login : user@aayushi - [REQLN77F]
2024-02-16 09:50:59,119 INFO     [auth_resource.py post:32] User trying to login with username : user@aayushi - [REQ8RUZU]
2024-02-16 09:50:59,119 INFO     [login_controller.py user_login:34] User credentials retrieved successfully : user@aayushi - [REQ8RUZU]
2024-02-16 09:50:59,135 INFO     [login_business.py authenticate_user:63] User logged in and token generated successfully : user@aayushi - [REQ8RUZU]
2024-02-16 09:50:59,136 INFO     [login_controller.py user_login:42] Successful user login : user@aayushi - [REQ8RUZU]
2024-02-16 10:01:07,229 INFO     [auth_resource.py post:32] User trying to login with username : user@aayushi - [REQ7eKTD]
2024-02-16 10:01:07,229 INFO     [login_controller.py user_login:34] User credentials retrieved successfully : user@aayushi - [REQ7eKTD]
2024-02-16 10:01:07,230 WARNING  [login_business.py authenticate_user:70] Invalid user login : user@aayushi - [REQ7eKTD]
2024-02-16 10:01:14,316 INFO     [auth_resource.py post:32] User trying to login with username : user@aayushi - [REQ3ngeg]
2024-02-16 10:01:14,317 INFO     [login_controller.py user_login:34] User credentials retrieved successfully : user@aayushi - [REQ3ngeg]
2024-02-16 10:01:14,332 INFO     [login_business.py authenticate_user:63] User logged in and token generated successfully : user@aayushi - [REQ3ngeg]
2024-02-16 10:01:14,332 INFO     [login_controller.py user_login:42] Successful user login : user@aayushi - [REQ3ngeg]
2024-02-16 10:20:58,733 INFO     [auth_resource.py post:32] User trying to login with username : user@aayushi - [REQ3j9Um]
2024-02-16 10:20:58,734 INFO     [login_controller.py user_login:34] User credentials retrieved successfully : user@aayushi - [REQ3j9Um]
2024-02-16 10:20:58,750 INFO     [login_business.py authenticate_user:63] User logged in and token generated successfully : user@aayushi - [REQ3j9Um]
2024-02-16 10:20:58,750 INFO     [login_controller.py user_login:42] Successful user login : user@aayushi - [REQ3j9Um]
2024-02-16 10:45:22,358 INFO     [auth_resource.py post:32] User trying to login with username : user@aayushi - [REQDBEHa]
2024-02-16 10:45:22,361 INFO     [login_controller.py user_login:34] User credentials retrieved successfully : user@aayushi - [REQDBEHa]
2024-02-16 10:45:22,361 WARNING  [login_business.py authenticate_user:70] Invalid user login : user@aayushi - [REQDBEHa]
2024-02-16 10:45:30,694 INFO     [auth_resource.py post:32] User trying to login with username : user@aayushi - [REQbtPkk]
2024-02-16 10:45:30,694 INFO     [login_controller.py user_login:34] User credentials retrieved successfully : user@aayushi - [REQbtPkk]
2024-02-16 10:45:30,709 INFO     [login_business.py authenticate_user:63] User logged in and token generated successfully : user@aayushi - [REQbtPkk]
2024-02-16 10:45:30,709 INFO     [login_controller.py user_login:42] Successful user login : user@aayushi - [REQbtPkk]
2024-02-16 11:50:34,563 INFO     [auth_resource.py post:32] User trying to login with username : user@misdev - [REQXjvZn]
2024-02-16 11:50:34,563 INFO     [login_controller.py user_login:34] User credentials retrieved successfully : user@misdev - [REQXjvZn]
2024-02-16 11:50:34,571 INFO     [login_business.py authenticate_user:63] User logged in and token generated successfully : user@misdev - [REQXjvZn]
2024-02-16 11:50:34,572 INFO     [login_controller.py user_login:42] Successful user login : user@misdev - [REQXjvZn]
2024-02-16 12:09:57,081 INFO     [auth_resource.py post:32] User trying to login with username : user@misdev - [REQRhCPT]
2024-02-16 12:09:57,081 INFO     [login_controller.py user_login:34] User credentials retrieved successfully : user@misdev - [REQRhCPT]
2024-02-16 12:09:57,096 INFO     [login_business.py authenticate_user:63] User logged in and token generated successfully : user@misdev - [REQRhCPT]
2024-02-16 12:09:57,096 INFO     [login_controller.py user_login:42] Successful user login : user@misdev - [REQRhCPT]
2024-02-16 13:10:40,980 INFO     [auth_resource.py post:32] User trying to login with username : user@aayushi - [REQAzcJc]
2024-02-16 13:10:40,981 INFO     [login_controller.py user_login:34] User credentials retrieved successfully : user@aayushi - [REQAzcJc]
2024-02-16 13:10:40,996 INFO     [login_business.py authenticate_user:63] User logged in and token generated successfully : user@aayushi - [REQAzcJc]
2024-02-16 13:10:40,996 INFO     [login_controller.py user_login:42] Successful user login : user@aayushi - [REQAzcJc]
2024-02-16 16:13:19,394 INFO     [auth_resource.py post:32] User trying to login with username : user@aayushi - [REQW2SG3]
2024-02-16 16:13:19,395 INFO     [login_controller.py user_login:34] User credentials retrieved successfully : user@aayushi - [REQW2SG3]
2024-02-16 16:13:19,398 WARNING  [login_business.py authenticate_user:70] Invalid user login : user@aayushi - [REQW2SG3]
2024-02-16 16:13:28,067 INFO     [auth_resource.py post:32] User trying to login with username : user@aayushi - [REQPQuix]
2024-02-16 16:13:28,067 INFO     [login_controller.py user_login:34] User credentials retrieved successfully : user@aayushi - [REQPQuix]
2024-02-16 16:13:28,082 INFO     [login_business.py authenticate_user:63] User logged in and token generated successfully : user@aayushi - [REQPQuix]
2024-02-16 16:13:28,082 INFO     [login_controller.py user_login:42] Successful user login : user@aayushi - [REQPQuix]
2024-02-16 16:15:25,283 INFO     [auth_resource.py post:32] User trying to login with username : user@aayushi - [REQ47Pd6]
2024-02-16 16:15:25,283 INFO     [login_controller.py user_login:34] User credentials retrieved successfully : user@aayushi - [REQ47Pd6]
2024-02-16 16:15:25,302 INFO     [login_business.py authenticate_user:63] User logged in and token generated successfully : user@aayushi - [REQ47Pd6]
2024-02-16 16:15:25,303 INFO     [login_controller.py user_login:42] Successful user login : user@aayushi - [REQ47Pd6]
2024-02-16 16:16:00,433 INFO     [auth_resource.py post:32] User trying to login with username : user@aayushi - [REQNHxFr]
2024-02-16 16:16:00,433 INFO     [login_controller.py user_login:34] User credentials retrieved successfully : user@aayushi - [REQNHxFr]
2024-02-16 16:16:00,449 INFO     [login_business.py authenticate_user:63] User logged in and token generated successfully : user@aayushi - [REQNHxFr]
2024-02-16 16:16:00,449 INFO     [login_controller.py user_login:42] Successful user login : user@aayushi - [REQNHxFr]
2024-02-16 16:16:15,469 INFO     [auth_resource.py post:32] User trying to login with username : user@aayushi - [REQYHc3f]
2024-02-16 16:16:15,470 INFO     [login_controller.py user_login:34] User credentials retrieved successfully : user@aayushi - [REQYHc3f]
2024-02-16 16:16:15,485 INFO     [login_business.py authenticate_user:63] User logged in and token generated successfully : user@aayushi - [REQYHc3f]
2024-02-16 16:16:15,485 INFO     [login_controller.py user_login:42] Successful user login : user@aayushi - [REQYHc3f]
2024-02-19 01:10:58,133 INFO     [auth_resource.py post:32] User trying to login with username : user@aayushi - [REQCCfN6]
2024-02-19 01:10:58,133 INFO     [login_controller.py user_login:34] User credentials retrieved successfully : user@aayushi - [REQCCfN6]
2024-02-19 01:11:05,369 INFO     [auth_resource.py post:32] User trying to login with username : user@aayushi - [REQRedaJ]
2024-02-19 01:11:05,370 INFO     [login_controller.py user_login:34] User credentials retrieved successfully : user@aayushi - [REQRedaJ]
2024-02-19 01:11:30,092 INFO     [auth_resource.py post:32] User trying to login with username : user@aayushi - [REQSEVXf]
2024-02-19 01:11:30,093 INFO     [login_controller.py user_login:34] User credentials retrieved successfully : user@aayushi - [REQSEVXf]
2024-02-19 01:12:05,273 INFO     [auth_resource.py post:32] User trying to login with username : user@aayushi - [REQXYpfd]
2024-02-19 01:12:05,274 INFO     [login_controller.py user_login:34] User credentials retrieved successfully : user@aayushi - [REQXYpfd]
2024-02-19 01:12:20,770 INFO     [auth_resource.py post:32] User trying to login with username : user@aayushi - [REQVs3hU]
2024-02-19 01:12:20,770 INFO     [login_controller.py user_login:34] User credentials retrieved successfully : user@aayushi - [REQVs3hU]
2024-02-19 01:12:29,871 INFO     [auth_resource.py post:32] User trying to login with username : user@aayushi - [REQPkgBN]
2024-02-19 01:12:29,872 INFO     [login_controller.py user_login:34] User credentials retrieved successfully : user@aayushi - [REQPkgBN]
2024-02-19 01:17:59,189 INFO     [auth_resource.py post:32] User trying to login with username : user@aayushi - [REQYLcMu]
2024-02-19 01:17:59,189 INFO     [login_controller.py user_login:34] User credentials retrieved successfully : user@aayushi - [REQYLcMu]
2024-02-19 01:17:59,465 INFO     [login_business.py authenticate_user:66] User logged in and token generated successfully : user@aayushi - [REQYLcMu]
2024-02-19 01:17:59,465 INFO     [login_controller.py user_login:42] Successful user login : user@aayushi - [REQYLcMu]
